<?xml version="1.0" encoding="UTF-8"?>
<!-- Generated by org.testng.reporters.JUnitReportReporter -->
<testsuite hostname="CN-NZ-CHR-LT16" failures="0" tests="1" name="org.testing.testScripts.TC9_UpdateEmployeeRecord" time="0.946" errors="0" timestamp="2023-12-31T14:29:41 NZDT" skipped="0">
  <testcase classname="org.testing.testScripts.TC9_UpdateEmployeeRecord" name="testCase9" time="0.946"/>
</testsuite> <!-- org.testing.testScripts.TC9_UpdateEmployeeRecord -->
