<?xml version="1.0" encoding="UTF-8"?>
<!-- Generated by org.testng.reporters.JUnitReportReporter -->
<testsuite hostname="CN-NZ-CHR-LT16" failures="0" tests="1" name="org.testing.testScripts.TC2_getALL" time="0.790" errors="0" timestamp="2023-12-31T14:29:41 NZDT" skipped="0">
  <testcase classname="org.testing.testScripts.TC2_getALL" name="testcase2" time="0.790"/>
</testsuite> <!-- org.testing.testScripts.TC2_getALL -->
